mode: set
dklbreitling/goDNS/cmd/goDNS/main.go:15.13,19.22 3 0
dklbreitling/goDNS/cmd/goDNS/main.go:19.22,22.3 2 0
dklbreitling/goDNS/cmd/goDNS/main.go:24.2,28.16 3 0
dklbreitling/goDNS/cmd/goDNS/main.go:28.16,31.3 2 0
dklbreitling/goDNS/cmd/goDNS/main.go:34.2,35.16 2 0
dklbreitling/goDNS/cmd/goDNS/main.go:35.16,38.3 2 0
dklbreitling/goDNS/cmd/goDNS/main.go:40.2,40.53 1 0
dklbreitling/goDNS/pkg/client/client.go:25.68,26.39 1 1
dklbreitling/goDNS/pkg/client/client.go:26.39,28.3 1 1
dklbreitling/goDNS/pkg/client/client.go:30.2,33.8 1 1
dklbreitling/goDNS/pkg/client/client.go:37.78,39.51 1 1
dklbreitling/goDNS/pkg/client/client.go:39.51,41.3 1 1
dklbreitling/goDNS/pkg/client/client.go:44.2,45.16 2 0
dklbreitling/goDNS/pkg/client/client.go:45.16,47.3 1 0
dklbreitling/goDNS/pkg/client/client.go:50.2,51.16 2 0
dklbreitling/goDNS/pkg/client/client.go:51.16,53.3 1 0
dklbreitling/goDNS/pkg/client/client.go:55.2,55.22 1 0
dklbreitling/goDNS/pkg/client/client.go:59.83,65.31 3 0
dklbreitling/goDNS/pkg/client/client.go:65.31,67.3 1 0
dklbreitling/goDNS/pkg/client/client.go:69.2,91.8 3 0
dklbreitling/goDNS/pkg/client/client.go:95.70,98.16 2 0
dklbreitling/goDNS/pkg/client/client.go:98.16,100.3 1 0
dklbreitling/goDNS/pkg/client/client.go:103.2,103.32 1 0
dklbreitling/goDNS/pkg/client/client.go:103.32,106.69 3 0
dklbreitling/goDNS/pkg/client/client.go:106.69,108.4 1 0
dklbreitling/goDNS/pkg/client/client.go:109.3,109.50 1 0
dklbreitling/goDNS/pkg/client/client.go:112.2,116.16 3 0
dklbreitling/goDNS/pkg/client/client.go:116.16,118.3 1 0
dklbreitling/goDNS/pkg/client/client.go:119.2,122.80 2 0
dklbreitling/goDNS/pkg/client/client.go:122.80,124.3 1 0
dklbreitling/goDNS/pkg/client/client.go:127.2,128.16 2 0
dklbreitling/goDNS/pkg/client/client.go:128.16,130.3 1 0
dklbreitling/goDNS/pkg/client/client.go:131.2,131.26 1 0
dklbreitling/goDNS/pkg/client/client.go:131.26,133.3 1 0
dklbreitling/goDNS/pkg/client/client.go:136.2,136.79 1 0
dklbreitling/goDNS/pkg/client/client.go:136.79,138.3 1 0
dklbreitling/goDNS/pkg/client/client.go:141.2,143.16 3 0
dklbreitling/goDNS/pkg/client/client.go:143.16,145.3 1 0
dklbreitling/goDNS/pkg/client/client.go:146.2,152.16 4 0
dklbreitling/goDNS/pkg/client/client.go:152.16,154.3 1 0
dklbreitling/goDNS/pkg/client/client.go:156.2,156.22 1 0
dklbreitling/goDNS/pkg/client/client.go:160.86,162.32 1 0
dklbreitling/goDNS/pkg/client/client.go:162.32,163.20 1 0
dklbreitling/goDNS/pkg/client/client.go:163.20,165.4 1 0
dklbreitling/goDNS/pkg/client/client.go:166.3,167.33 2 0
dklbreitling/goDNS/pkg/client/client.go:167.33,169.4 1 0
dklbreitling/goDNS/pkg/client/client.go:170.3,170.18 1 0
dklbreitling/goDNS/pkg/client/client.go:173.2,173.20 1 0
dklbreitling/goDNS/pkg/client/client.go:173.20,175.3 1 0
dklbreitling/goDNS/pkg/client/client.go:177.2,191.29 4 0
dklbreitling/goDNS/pkg/client/client.go:191.29,193.3 1 0
dklbreitling/goDNS/pkg/client/client.go:195.2,204.46 2 0
dklbreitling/goDNS/pkg/client/client.go:204.46,206.17 2 0
dklbreitling/goDNS/pkg/client/client.go:206.17,208.4 1 0
dklbreitling/goDNS/pkg/client/client.go:209.3,210.19 2 0
dklbreitling/goDNS/pkg/client/client.go:214.2,214.46 1 0
dklbreitling/goDNS/pkg/client/client.go:214.46,216.17 2 0
dklbreitling/goDNS/pkg/client/client.go:216.17,218.4 1 0
dklbreitling/goDNS/pkg/client/client.go:219.3,220.19 2 0
dklbreitling/goDNS/pkg/client/client.go:224.2,224.46 1 0
dklbreitling/goDNS/pkg/client/client.go:224.46,226.17 2 0
dklbreitling/goDNS/pkg/client/client.go:226.17,228.4 1 0
dklbreitling/goDNS/pkg/client/client.go:229.3,230.19 2 0
dklbreitling/goDNS/pkg/client/client.go:234.2,234.46 1 0
dklbreitling/goDNS/pkg/client/client.go:234.46,236.17 2 0
dklbreitling/goDNS/pkg/client/client.go:236.17,238.4 1 0
dklbreitling/goDNS/pkg/client/client.go:239.3,240.19 2 0
dklbreitling/goDNS/pkg/client/client.go:243.2,243.21 1 0
dklbreitling/goDNS/pkg/client/client.go:247.83,250.16 2 0
dklbreitling/goDNS/pkg/client/client.go:250.16,252.3 1 0
dklbreitling/goDNS/pkg/client/client.go:254.2,254.28 1 0
dklbreitling/goDNS/pkg/client/client.go:254.28,256.3 1 0
dklbreitling/goDNS/pkg/client/client.go:258.2,265.22 3 0
dklbreitling/goDNS/pkg/client/client.go:269.95,272.16 2 0
dklbreitling/goDNS/pkg/client/client.go:272.16,274.3 1 0
dklbreitling/goDNS/pkg/client/client.go:276.2,276.29 1 0
dklbreitling/goDNS/pkg/client/client.go:276.29,278.3 1 0
dklbreitling/goDNS/pkg/client/client.go:280.2,286.40 6 0
dklbreitling/goDNS/pkg/client/client.go:286.40,288.3 1 0
dklbreitling/goDNS/pkg/client/client.go:291.2,294.16 3 0
dklbreitling/goDNS/pkg/client/client.go:295.17,296.27 1 0
dklbreitling/goDNS/pkg/client/client.go:296.27,298.4 1 0
dklbreitling/goDNS/pkg/client/client.go:299.3,300.57 2 0
dklbreitling/goDNS/pkg/client/client.go:300.57,302.4 1 0
dklbreitling/goDNS/pkg/client/client.go:302.9,304.4 1 0
dklbreitling/goDNS/pkg/client/client.go:305.20,306.28 1 0
dklbreitling/goDNS/pkg/client/client.go:306.28,308.4 1 0
dklbreitling/goDNS/pkg/client/client.go:309.3,310.63 2 0
dklbreitling/goDNS/pkg/client/client.go:310.63,312.4 1 0
dklbreitling/goDNS/pkg/client/client.go:312.9,314.4 1 0
dklbreitling/goDNS/pkg/client/client.go:315.18,317.17 2 0
dklbreitling/goDNS/pkg/client/client.go:317.17,319.4 1 0
dklbreitling/goDNS/pkg/client/client.go:319.9,321.4 1 0
dklbreitling/goDNS/pkg/client/client.go:322.10,323.55 1 0
dklbreitling/goDNS/pkg/client/client.go:326.2,333.34 1 0
dklbreitling/goDNS/pkg/client/client.go:337.80,342.24 4 0
dklbreitling/goDNS/pkg/client/client.go:342.24,346.26 2 0
dklbreitling/goDNS/pkg/client/client.go:346.26,347.28 1 0
dklbreitling/goDNS/pkg/client/client.go:347.28,349.5 1 0
dklbreitling/goDNS/pkg/client/client.go:350.4,351.28 2 0
dklbreitling/goDNS/pkg/client/client.go:351.28,353.5 1 0
dklbreitling/goDNS/pkg/client/client.go:356.4,357.18 2 0
dklbreitling/goDNS/pkg/client/client.go:357.18,359.5 1 0
dklbreitling/goDNS/pkg/client/client.go:360.4,362.17 2 0
dklbreitling/goDNS/pkg/client/client.go:362.17,364.5 1 0
dklbreitling/goDNS/pkg/client/client.go:365.4,365.41 1 0
dklbreitling/goDNS/pkg/client/client.go:369.3,369.18 1 0
dklbreitling/goDNS/pkg/client/client.go:369.18,372.17 2 0
dklbreitling/goDNS/pkg/client/client.go:372.17,374.5 1 0
dklbreitling/goDNS/pkg/client/client.go:375.4,375.41 1 0
dklbreitling/goDNS/pkg/client/client.go:378.3,378.38 1 0
dklbreitling/goDNS/pkg/client/client.go:378.38,380.4 1 0
dklbreitling/goDNS/pkg/client/client.go:382.3,389.27 4 0
dklbreitling/goDNS/pkg/client/client.go:392.2,392.61 1 0
dklbreitling/goDNS/internal/config/config.go:28.30,39.2 1 1
dklbreitling/goDNS/internal/config/config.go:42.35,44.24 1 1
dklbreitling/goDNS/internal/config/config.go:44.24,46.3 1 1
dklbreitling/goDNS/internal/config/config.go:48.2,49.16 2 1
dklbreitling/goDNS/internal/config/config.go:49.16,51.3 1 0
dklbreitling/goDNS/internal/config/config.go:53.2,53.30 1 1
dklbreitling/goDNS/internal/config/config.go:53.30,55.58 1 0
dklbreitling/goDNS/internal/config/config.go:55.58,57.4 1 0
dklbreitling/goDNS/internal/config/config.go:60.2,60.16 1 1
dklbreitling/goDNS/internal/config/config.go:60.16,62.3 1 0
dklbreitling/goDNS/internal/config/config.go:65.2,65.48 1 1
dklbreitling/goDNS/internal/config/config.go:65.48,67.3 1 1
dklbreitling/goDNS/internal/config/config.go:70.2,70.20 1 1
dklbreitling/goDNS/internal/config/config.go:70.20,72.3 1 1
dklbreitling/goDNS/internal/config/config.go:75.2,75.22 1 1
dklbreitling/goDNS/internal/config/config.go:75.22,77.3 1 1
dklbreitling/goDNS/internal/config/config.go:80.2,86.30 2 1
dklbreitling/goDNS/internal/config/config.go:86.30,88.3 1 1
dklbreitling/goDNS/internal/config/config.go:90.2,90.12 1 1
dklbreitling/goDNS/internal/config/config.go:94.42,95.20 1 1
dklbreitling/goDNS/internal/config/config.go:96.13,97.15 1 1
dklbreitling/goDNS/internal/config/config.go:98.13,99.13 1 1
dklbreitling/goDNS/internal/config/config.go:100.10,101.13 1 1
dklbreitling/goDNS/pkg/dns/labels.go:9.44,13.18 2 1
dklbreitling/goDNS/pkg/dns/labels.go:13.18,15.3 1 1
dklbreitling/goDNS/pkg/dns/labels.go:17.2,20.29 3 1
dklbreitling/goDNS/pkg/dns/labels.go:20.29,25.3 1 1
dklbreitling/goDNS/pkg/dns/labels.go:28.2,30.15 2 1
dklbreitling/goDNS/pkg/dns/labels.go:34.44,35.22 1 1
dklbreitling/goDNS/pkg/dns/labels.go:35.22,37.3 1 1
dklbreitling/goDNS/pkg/dns/labels.go:39.2,40.31 2 1
dklbreitling/goDNS/pkg/dns/labels.go:40.31,41.24 1 1
dklbreitling/goDNS/pkg/dns/labels.go:41.24,42.9 1 1
dklbreitling/goDNS/pkg/dns/labels.go:44.3,44.44 1 1
dklbreitling/goDNS/pkg/dns/labels.go:47.2,47.33 1 1
dklbreitling/goDNS/pkg/dns/labels.go:51.42,52.22 1 1
dklbreitling/goDNS/pkg/dns/labels.go:52.22,54.3 1 1
dklbreitling/goDNS/pkg/dns/labels.go:56.2,56.23 1 1
dklbreitling/goDNS/pkg/dns/labels.go:56.23,58.3 1 0
dklbreitling/goDNS/pkg/dns/labels.go:61.2,65.21 3 1
dklbreitling/goDNS/pkg/dns/labels.go:65.21,67.3 1 0
dklbreitling/goDNS/pkg/dns/labels.go:69.2,71.31 2 1
dklbreitling/goDNS/pkg/dns/labels.go:71.31,72.22 1 1
dklbreitling/goDNS/pkg/dns/labels.go:72.22,74.4 1 1
dklbreitling/goDNS/pkg/dns/labels.go:75.3,75.22 1 1
dklbreitling/goDNS/pkg/dns/labels.go:75.22,77.4 1 0
dklbreitling/goDNS/pkg/dns/labels.go:78.3,78.37 1 1
dklbreitling/goDNS/pkg/dns/labels.go:78.37,80.4 1 1
dklbreitling/goDNS/pkg/dns/labels.go:83.2,83.12 1 1
dklbreitling/goDNS/pkg/dns/labels.go:92.38,94.2 1 1
dklbreitling/goDNS/pkg/dns/message.go:59.45,64.16 3 1
dklbreitling/goDNS/pkg/dns/message.go:64.16,66.3 1 0
dklbreitling/goDNS/pkg/dns/message.go:67.2,70.31 2 1
dklbreitling/goDNS/pkg/dns/message.go:70.31,72.17 2 1
dklbreitling/goDNS/pkg/dns/message.go:72.17,74.4 1 0
dklbreitling/goDNS/pkg/dns/message.go:75.3,75.20 1 1
dklbreitling/goDNS/pkg/dns/message.go:79.2,79.30 1 1
dklbreitling/goDNS/pkg/dns/message.go:79.30,81.17 2 0
dklbreitling/goDNS/pkg/dns/message.go:81.17,83.4 1 0
dklbreitling/goDNS/pkg/dns/message.go:84.3,84.21 1 0
dklbreitling/goDNS/pkg/dns/message.go:88.2,88.33 1 1
dklbreitling/goDNS/pkg/dns/message.go:88.33,90.17 2 0
dklbreitling/goDNS/pkg/dns/message.go:90.17,92.4 1 0
dklbreitling/goDNS/pkg/dns/message.go:93.3,93.21 1 0
dklbreitling/goDNS/pkg/dns/message.go:97.2,97.34 1 1
dklbreitling/goDNS/pkg/dns/message.go:97.34,99.17 2 0
dklbreitling/goDNS/pkg/dns/message.go:99.17,101.4 1 0
dklbreitling/goDNS/pkg/dns/message.go:102.3,102.21 1 0
dklbreitling/goDNS/pkg/dns/message.go:105.2,105.25 1 1
dklbreitling/goDNS/pkg/dns/message.go:109.35,116.26 5 1
dklbreitling/goDNS/pkg/dns/message.go:116.26,118.32 2 1
dklbreitling/goDNS/pkg/dns/message.go:118.32,121.4 2 1
dklbreitling/goDNS/pkg/dns/message.go:124.2,124.26 1 1
dklbreitling/goDNS/pkg/dns/message.go:124.26,126.31 2 0
dklbreitling/goDNS/pkg/dns/message.go:126.31,129.4 2 0
dklbreitling/goDNS/pkg/dns/message.go:132.2,132.26 1 1
dklbreitling/goDNS/pkg/dns/message.go:132.26,134.34 2 0
dklbreitling/goDNS/pkg/dns/message.go:134.34,137.4 2 0
dklbreitling/goDNS/pkg/dns/message.go:140.2,140.26 1 1
dklbreitling/goDNS/pkg/dns/message.go:140.26,142.35 2 0
dklbreitling/goDNS/pkg/dns/message.go:142.35,145.4 2 0
dklbreitling/goDNS/pkg/dns/message.go:148.2,148.21 1 1
dklbreitling/goDNS/pkg/dns/message.go:152.44,156.31 3 1
dklbreitling/goDNS/pkg/dns/message.go:156.31,157.68 1 1
dklbreitling/goDNS/pkg/dns/message.go:157.68,159.4 1 0
dklbreitling/goDNS/pkg/dns/message.go:162.2,162.25 1 1
dklbreitling/goDNS/pkg/dns/message.go:166.34,169.2 1 1
dklbreitling/goDNS/pkg/dns/message.go:172.46,176.31 2 1
dklbreitling/goDNS/pkg/dns/message.go:176.31,178.3 1 1
dklbreitling/goDNS/pkg/dns/message.go:181.2,181.68 1 1
dklbreitling/goDNS/pkg/dns/message.go:181.68,183.3 1 0
dklbreitling/goDNS/pkg/dns/message.go:184.2,184.69 1 1
dklbreitling/goDNS/pkg/dns/message.go:184.69,186.3 1 0
dklbreitling/goDNS/pkg/dns/message.go:188.2,188.25 1 1
dklbreitling/goDNS/pkg/dns/message.go:192.36,195.2 2 1
dklbreitling/goDNS/pkg/dns/message.go:198.34,200.2 1 1
dklbreitling/goDNS/pkg/dns/message.go:203.53,207.32 2 0
dklbreitling/goDNS/pkg/dns/message.go:207.32,209.3 1 0
dklbreitling/goDNS/pkg/dns/message.go:212.2,213.31 2 0
dklbreitling/goDNS/pkg/dns/message.go:213.31,214.68 1 0
dklbreitling/goDNS/pkg/dns/message.go:214.68,216.4 1 0
dklbreitling/goDNS/pkg/dns/message.go:220.2,222.25 2 0
dklbreitling/goDNS/pkg/dns/message.go:226.43,230.2 2 0
dklbreitling/goDNS/pkg/dns/types.go:49.33,50.12 1 1
dklbreitling/goDNS/pkg/dns/types.go:51.13,52.13 1 1
dklbreitling/goDNS/pkg/dns/types.go:53.14,54.14 1 1
dklbreitling/goDNS/pkg/dns/types.go:55.14,56.14 1 0
dklbreitling/goDNS/pkg/dns/types.go:57.14,58.14 1 0
dklbreitling/goDNS/pkg/dns/types.go:59.17,60.17 1 1
dklbreitling/goDNS/pkg/dns/types.go:61.15,62.15 1 1
dklbreitling/goDNS/pkg/dns/types.go:63.14,64.14 1 0
dklbreitling/goDNS/pkg/dns/types.go:65.14,66.14 1 0
dklbreitling/goDNS/pkg/dns/types.go:67.14,68.14 1 0
dklbreitling/goDNS/pkg/dns/types.go:69.16,70.16 1 0
dklbreitling/goDNS/pkg/dns/types.go:71.15,72.15 1 0
dklbreitling/goDNS/pkg/dns/types.go:73.15,74.15 1 1
dklbreitling/goDNS/pkg/dns/types.go:75.17,76.17 1 0
dklbreitling/goDNS/pkg/dns/types.go:77.17,78.17 1 0
dklbreitling/goDNS/pkg/dns/types.go:79.14,80.14 1 1
dklbreitling/goDNS/pkg/dns/types.go:81.15,82.15 1 1
dklbreitling/goDNS/pkg/dns/types.go:83.16,84.16 1 1
dklbreitling/goDNS/pkg/dns/types.go:85.16,86.16 1 0
dklbreitling/goDNS/pkg/dns/types.go:87.17,88.17 1 0
dklbreitling/goDNS/pkg/dns/types.go:89.17,90.17 1 0
dklbreitling/goDNS/pkg/dns/types.go:91.20,92.13 1 0
dklbreitling/goDNS/pkg/dns/types.go:93.10,94.19 1 1
dklbreitling/goDNS/pkg/dns/types.go:99.34,100.12 1 1
dklbreitling/goDNS/pkg/dns/types.go:101.15,102.14 1 1
dklbreitling/goDNS/pkg/dns/types.go:103.15,104.14 1 1
dklbreitling/goDNS/pkg/dns/types.go:105.15,106.14 1 1
dklbreitling/goDNS/pkg/dns/types.go:107.15,108.14 1 1
dklbreitling/goDNS/pkg/dns/types.go:109.21,110.13 1 1
dklbreitling/goDNS/pkg/dns/types.go:111.10,112.19 1 1
dklbreitling/goDNS/pkg/records/a.go:17.46,18.33 1 1
dklbreitling/goDNS/pkg/records/a.go:18.33,20.3 1 1
dklbreitling/goDNS/pkg/records/a.go:21.2,21.56 1 1
dklbreitling/goDNS/pkg/records/a.go:25.58,27.15 2 1
dklbreitling/goDNS/pkg/records/a.go:27.15,29.3 1 1
dklbreitling/goDNS/pkg/records/a.go:30.2,30.23 1 1
dklbreitling/goDNS/pkg/records/a.go:34.34,36.2 1 1
dklbreitling/goDNS/pkg/records/a.go:39.35,41.2 1 1
dklbreitling/goDNS/pkg/records/a.go:44.36,46.2 1 1
dklbreitling/goDNS/pkg/records/aaaa.go:16.52,17.21 1 1
dklbreitling/goDNS/pkg/records/aaaa.go:17.21,19.3 1 1
dklbreitling/goDNS/pkg/records/aaaa.go:20.2,20.22 1 1
dklbreitling/goDNS/pkg/records/aaaa.go:20.22,22.3 1 0
dklbreitling/goDNS/pkg/records/aaaa.go:23.2,23.45 1 1
dklbreitling/goDNS/pkg/records/aaaa.go:27.64,29.15 2 0
dklbreitling/goDNS/pkg/records/aaaa.go:29.15,31.3 1 0
dklbreitling/goDNS/pkg/records/aaaa.go:32.2,32.26 1 0
dklbreitling/goDNS/pkg/records/aaaa.go:36.40,38.2 1 1
dklbreitling/goDNS/pkg/records/aaaa.go:41.41,43.2 1 1
dklbreitling/goDNS/pkg/records/aaaa.go:46.42,48.2 1 1
dklbreitling/goDNS/pkg/records/generic.go:16.73,21.2 1 0
dklbreitling/goDNS/pkg/records/generic.go:24.40,28.2 3 0
dklbreitling/goDNS/pkg/records/generic.go:31.41,33.2 1 0
dklbreitling/goDNS/pkg/records/generic.go:36.42,38.2 1 0
dklbreitling/goDNS/pkg/records/ns.go:16.52,18.2 1 1
dklbreitling/goDNS/pkg/records/ns.go:21.57,23.2 1 1
dklbreitling/goDNS/pkg/records/ns.go:26.36,28.38 2 1
dklbreitling/goDNS/pkg/records/ns.go:28.38,30.3 1 1
dklbreitling/goDNS/pkg/records/ns.go:31.2,31.20 1 1
dklbreitling/goDNS/pkg/records/ns.go:35.37,37.2 1 1
dklbreitling/goDNS/pkg/records/ns.go:40.38,42.2 1 1
